<?xml version="1.0" encoding="UTF-8"?>
<!DOCTYPE html PUBLIC "-//W3C//DTD XHTML 1.0 Strict//END"
 "http://www.w3.org/TR/xhtml1/DTD/xhtml1-strict.dtd">
<html xmlns="http://www.w3.org/1999/xhtml">
  <head>
    <meta http-equiv="Content-Type" content="text/html; charset=UTF-8" />
    <title>program@execute@builtin@builtin-float-fma-1.0.generated - Details</title>
    <link rel="stylesheet" href="../result.css" type="text/css" />
  </head>
  <body>
    <h1>Results for program@execute@builtin@builtin-float-fma-1.0.generated</h1>
    <h2>Overview</h2>
    <div>
      <p><b>Result:</b> fail</p>
    </div>
    <p><a href="../index.html">Back to summary</a></p>
    <h2>Details</h2>
    <table>
      <tr>
        <th>Detail</th>
        <th>Value</th>
      </tr>
      <tr>
        <td>Returncode</td>
        <td>1</td>
      </tr>
      <tr>
        <td>Time</td>
        <td>0:00:04.818823</b>
      </tr>
      <tr>
        <td>Stdout</td>
        <td>
          <pre>## Test: Test float fma built-in on CL 1.1 (/home/vakor/buildroot/test/x86-piglit/build/piglit-5153c0bd89ca78e4dd56cc0917930909fa085eb0/tests/cl/program/program-tester.c) ##

# Platform supporting only version 1.1. Running test on that version.
# Running on:
#   Platform: Clover
#   Device: AMD SUMO (DRM 2.50.0 / 4.14.0, LLVM 5.0.1)
#   OpenCL version: 1.2
#   OpenCL C version: 1.1
#   Build options:  -cl-std=CL1.1
Program has been built successfully
&gt; Running kernel test: fma float1
Using kernel test_1_fma_float
Setting kernel arguments...
Running the kernel...
Validating results...
Expecting 3.141593 (0x40490fdb) with tolerance 0.000000 (0 ulps), but got 0.000000 (0x0)
Error at float[0]
 Argument 0: FAIL
&gt; Running kernel test: fma float2
Using kernel test_2_fma_float
Setting kernel arguments...
Running the kernel...
Validating results...
Expecting 3.141593 (0x40490fdb) with tolerance 0.000000 (0 ulps), but got 0.000000 (0x0)
Error at float[0]
 Argument 0: FAIL
&gt; Running kernel test: tss_fma float2
Using kernel test_tss_2_fma_float
Setting kernel arguments...
Running the kernel...
Validating results...
Expecting 3.141593 (0x40490fdb) with tolerance 0.000000 (0 ulps), but got 0.000000 (0x0)
Error at float[0]
 Argument 0: FAIL
&gt; Running kernel test: fma float4
Using kernel test_4_fma_float
Setting kernel arguments...
Running the kernel...
Validating results...
Expecting 3.141593 (0x40490fdb) with tolerance 0.000000 (0 ulps), but got 0.000000 (0x0)
Error at float[0]
 Argument 0: FAIL
&gt; Running kernel test: tss_fma float4
Using kernel test_tss_4_fma_float
Setting kernel arguments...
Running the kernel...
Validating results...
Expecting 3.141593 (0x40490fdb) with tolerance 0.000000 (0 ulps), but got 0.000000 (0x0)
Error at float[0]
 Argument 0: FAIL
&gt; Running kernel test: fma float8
Using kernel test_8_fma_float
Setting kernel arguments...
Running the kernel...
Validating results...
Expecting 3.141593 (0x40490fdb) with tolerance 0.000000 (0 ulps), but got 0.000000 (0x0)
Error at float[0]
 Argument 0: FAIL
&gt; Running kernel test: tss_fma float8
Using kernel test_tss_8_fma_float
Setting kernel arguments...
Running the kernel...
Validating results...
Expecting 3.141593 (0x40490fdb) with tolerance 0.000000 (0 ulps), but got 0.000000 (0x0)
Error at float[0]
 Argument 0: FAIL
&gt; Running kernel test: fma float16
Using kernel test_16_fma_float
Setting kernel arguments...
Running the kernel...
Validating results...
Expecting 3.141593 (0x40490fdb) with tolerance 0.000000 (0 ulps), but got 0.000000 (0x0)
Error at float[0]
 Argument 0: FAIL
&gt; Running kernel test: tss_fma float16
Using kernel test_tss_16_fma_float
Setting kernel arguments...
Running the kernel...
Validating results...
Expecting 3.141593 (0x40490fdb) with tolerance 0.000000 (0 ulps), but got 0.000000 (0x0)
Error at float[0]
 Argument 0: FAIL
&gt;&gt; Some or all of the tests FAILED
# Running on:
#   Platform: Clover
#   Device: AMD CAICOS (DRM 2.50.0 / 4.14.0, LLVM 5.0.1)
#   OpenCL version: 1.2
#   OpenCL C version: 1.1
#   Build options:  -cl-std=CL1.1
Program has been built successfully
&gt; Running kernel test: fma float1
Using kernel test_1_fma_float
Setting kernel arguments...
Running the kernel...
Validating results...
Expecting 3.141593 (0x40490fdb) with tolerance 0.000000 (0 ulps), but got 0.000000 (0x0)
Error at float[0]
 Argument 0: FAIL
&gt; Running kernel test: fma float2
Using kernel test_2_fma_float
Setting kernel arguments...
Running the kernel...
Validating results...
Expecting 3.141593 (0x40490fdb) with tolerance 0.000000 (0 ulps), but got 0.000000 (0x0)
Error at float[0]
 Argument 0: FAIL
&gt; Running kernel test: tss_fma float2
Using kernel test_tss_2_fma_float
Setting kernel arguments...
Running the kernel...
Validating results...
Expecting 3.141593 (0x40490fdb) with tolerance 0.000000 (0 ulps), but got 0.000000 (0x0)
Error at float[0]
 Argument 0: FAIL
&gt; Running kernel test: fma float4
Using kernel test_4_fma_float
Setting kernel arguments...
Running the kernel...
Validating results...
Expecting 3.141593 (0x40490fdb) with tolerance 0.000000 (0 ulps), but got 0.000000 (0x0)
Error at float[0]
 Argument 0: FAIL
&gt; Running kernel test: tss_fma float4
Using kernel test_tss_4_fma_float
Setting kernel arguments...
Running the kernel...
Validating results...
Expecting 3.141593 (0x40490fdb) with tolerance 0.000000 (0 ulps), but got 0.000000 (0x0)
Error at float[0]
 Argument 0: FAIL
&gt; Running kernel test: fma float8
Using kernel test_8_fma_float
Setting kernel arguments...
Running the kernel...
Validating results...
Expecting 3.141593 (0x40490fdb) with tolerance 0.000000 (0 ulps), but got 0.000000 (0x0)
Error at float[0]
 Argument 0: FAIL
&gt; Running kernel test: tss_fma float8
Using kernel test_tss_8_fma_float
Setting kernel arguments...
Running the kernel...
Validating results...
Expecting 3.141593 (0x40490fdb) with tolerance 0.000000 (0 ulps), but got 0.000000 (0x0)
Error at float[0]
 Argument 0: FAIL
&gt; Running kernel test: fma float16
Using kernel test_16_fma_float
Setting kernel arguments...
Running the kernel...
Validating results...
Expecting 3.141593 (0x40490fdb) with tolerance 0.000000 (0 ulps), but got 0.000000 (0x0)
Error at float[0]
 Argument 0: FAIL
&gt; Running kernel test: tss_fma float16
Using kernel test_tss_16_fma_float
Setting kernel arguments...
Running the kernel...
Validating results...
Expecting 3.141593 (0x40490fdb) with tolerance 0.000000 (0 ulps), but got 0.000000 (0x0)
Error at float[0]
 Argument 0: FAIL
&gt;&gt; Some or all of the tests FAILED
# Result:
</pre>
        </td>
      </tr>
      <tr>
        <td>Stderr</td>
        <td>
          <pre></pre>
        </td>
      </tr>
      <tr>
        <td>Environment</td>
        <td>
          <pre>PIGLIT_SOURCE_DIR=&#34;/usr/lib64/piglit&#34; PIGLIT_PLATFORM=&#34;mixed_glx_egl&#34;</pre>
        </td>
      </tr>
      <tr>
        <td>Command</td>
        <td>
          </pre>/usr/lib64/piglit/bin/cl-program-tester /usr/lib64/piglit/generated_tests/cl/builtin/math/builtin-float-fma-1.0.generated.cl</pre>
        </td>
      </tr>
      <tr>
        <td>dmesg</td>
        <td>
          <pre></pre>
        </td>
      </tr>
    </table>
    <p><a href="../index.html">Back to summary</a></p>
  </body>
</html>
